#
# There is insufficient memory for the Java Runtime Environment to continue.
# Native memory allocation (mmap) failed to map 27262976 bytes for Failed to commit area from 0x0000000087e00000 to 0x0000000089800000 of length 27262976.
# Possible reasons:
#   The system is out of physical RAM or swap space
#   The process is running with CompressedOops enabled, and the Java Heap may be blocking the growth of the native heap
# Possible solutions:
#   Reduce memory load on the system
#   Increase physical memory or swap space
#   Check if swap backing store is full
#   Decrease Java heap size (-Xmx/-Xms)
#   Decrease number of Java threads
#   Decrease Java thread stack sizes (-Xss)
#   Set larger code cache with -XX:ReservedCodeCacheSize=
#   JVM is running with Unscaled Compressed Oops mode in which the Java heap is
#     placed in the first 4GB address space. The Java Heap base address is the
#     maximum limit for the native heap growth. Please use -XX:HeapBaseMinAddress
#     to set the Java Heap base and to place the Java Heap above 4GB virtual address.
# This output file may be truncated or incomplete.
#
#  Out of Memory Error (./src/hotspot/os/windows/os_windows.cpp:3301), pid=20240, tid=10136
#
# JRE version: OpenJDK Runtime Environment (11.0.11+9) (build 11.0.11+9-b60-7590822)
# Java VM: OpenJDK 64-Bit Server VM (11.0.11+9-b60-7590822, mixed mode, tiered, compressed oops, g1 gc, windows-amd64)
# No core dump will be written. Minidumps are not enabled by default on client versions of Windows
#

---------------  S U M M A R Y ------------

Command Line: --add-opens=java.base/java.util=ALL-UNNAMED --add-opens=java.base/java.lang=ALL-UNNAMED --add-opens=java.base/java.lang.invoke=ALL-UNNAMED --add-opens=java.base/java.util=ALL-UNNAMED --add-opens=java.prefs/java.util.prefs=ALL-UNNAMED --add-opens=java.prefs/java.util.prefs=ALL-UNNAMED --add-opens=java.base/java.nio.charset=ALL-UNNAMED --add-opens=java.base/java.net=ALL-UNNAMED --add-opens=java.base/java.util.concurrent.atomic=ALL-UNNAMED -Xmx2048m -Dfile.encoding=UTF-8 -Duser.country=US -Duser.language=en -Duser.variant org.gradle.launcher.daemon.bootstrap.GradleDaemon 7.2

Host: Intel(R) Core(TM) i7-1065G7 CPU @ 1.30GHz, 8 cores, 7G,  Windows 10 , 64 bit Build 22000 (10.0.22000.434)
Time: Wed Apr 13 22:55:53 2022 Bangladesh Standard Time elapsed time: 12.942796 seconds (0d 0h 0m 12s)

---------------  T H R E A D  ---------------

Current thread (0x000001a1cb80e800):  VMThread "VM Thread" [stack: 0x0000003c8d200000,0x0000003c8d300000] [id=10136]

Stack: [0x0000003c8d200000,0x0000003c8d300000]
[error occurred during error reporting (printing stack bounds), id 0xc0000005, EXCEPTION_ACCESS_VIOLATION (0xc0000005) at pc=0x000001a1b4ea10e7]

Native frames: (J=compiled Java code, j=interpreted, Vv=VM code, C=native code)
V  [jvm.dll+0x5f214a]
V  [jvm.dll+0x726fb5]
V  [jvm.dll+0x7285cd]
V  [jvm.dll+0x728be5]
V  [jvm.dll+0x728b9b]
V  [jvm.dll+0x5f14e8]
V  [jvm.dll+0x5f1c78]
C  [ntdll.dll+0xa86ef]
C  [ntdll.dll+0x35aea]
C  [ntdll.dll+0xa76fe]
C  0x000001a1b4ea10e7

VM_Operation (0x0000003c8fcfdaa0): G1CollectForAllocation, mode: safepoint, requested by thread 0x000001a1ce25b000


---------------  P R O C E S S  ---------------

Threads class SMR info:
_java_thread_list=0x000001a1d0a054d0, length=39, elements={
0x000001a1b139c800, 0x000001a1cb814000, 0x000001a1cb817800, 0x000001a1cc1c2800,
0x000001a1cb82f000, 0x000001a1cb832800, 0x000001a1cb837000, 0x000001a1cb83a800,
0x000001a1cb83c000, 0x000001a1cc30e000, 0x000001a1cdb4f000, 0x000001a1cdeb3000,
0x000001a1ce1c6800, 0x000001a1ce00a000, 0x000001a1ce00a800, 0x000001a1ce5d7800,
0x000001a1cdf80000, 0x000001a1cd4ef000, 0x000001a1ce55c800, 0x000001a1cdf70800,
0x000001a1cdf71800, 0x000001a1cdf75800, 0x000001a1cdf72800, 0x000001a1cdf73000,
0x000001a1cdf74000, 0x000001a1cdf75000, 0x000001a1cdf70000, 0x000001a1cdf76800,
0x000001a1ce25c800, 0x000001a1ce258800, 0x000001a1ce25b800, 0x000001a1ce25d000,
0x000001a1ce25e000, 0x000001a1ce25b000, 0x000001a1ce25f000, 0x000001a1ce259000,
0x000001a1ce25a000, 0x000001a1ceef7000, 0x000001a1ceef7800
}

Java Threads: ( => current thread )
  0x000001a1b139c800 JavaThread "main" [_thread_blocked, id=14068, stack(0x0000003c8cc00000,0x0000003c8cd00000)]
  0x000001a1cb814000 JavaThread "Reference Handler" daemon [_thread_blocked, id=19600, stack(0x0000003c8d300000,0x0000003c8d400000)]
  0x000001a1cb817800 JavaThread "Finalizer" daemon [_thread_blocked, id=14204, stack(0x0000003c8d400000,0x0000003c8d500000)]
  0x000001a1cc1c2800 JavaThread "Signal Dispatcher" daemon [_thread_blocked, id=17924, stack(0x0000003c8d500000,0x0000003c8d600000)]
  0x000001a1cb82f000 JavaThread "Attach Listener" daemon [_thread_blocked, id=7736, stack(0x0000003c8d600000,0x0000003c8d700000)]
  0x000001a1cb832800 JavaThread "Service Thread" daemon [_thread_blocked, id=1472, stack(0x0000003c8d700000,0x0000003c8d800000)]
  0x000001a1cb837000 JavaThread "C2 CompilerThread0" daemon [_thread_in_native, id=11588, stack(0x0000003c8d800000,0x0000003c8d900000)]
  0x000001a1cb83a800 JavaThread "C1 CompilerThread0" daemon [_thread_blocked, id=8068, stack(0x0000003c8d900000,0x0000003c8da00000)]
  0x000001a1cb83c000 JavaThread "Sweeper thread" daemon [_thread_blocked, id=15476, stack(0x0000003c8da00000,0x0000003c8db00000)]
  0x000001a1cc30e000 JavaThread "Common-Cleaner" daemon [_thread_blocked, id=3368, stack(0x0000003c8db00000,0x0000003c8dc00000)]
  0x000001a1cdb4f000 JavaThread "Daemon health stats" [_thread_blocked, id=17992, stack(0x0000003c8df00000,0x0000003c8e000000)]
  0x000001a1cdeb3000 JavaThread "Incoming local TCP Connector on port 10917" [_thread_in_native, id=3960, stack(0x0000003c8e000000,0x0000003c8e100000)]
  0x000001a1ce1c6800 JavaThread "Daemon periodic checks" [_thread_blocked, id=9948, stack(0x0000003c8e100000,0x0000003c8e200000)]
  0x000001a1ce00a000 JavaThread "Daemon" [_thread_blocked, id=14740, stack(0x0000003c8e200000,0x0000003c8e300000)]
  0x000001a1ce00a800 JavaThread "Handler for socket connection from /127.0.0.1:10917 to /127.0.0.1:10918" [_thread_in_native, id=16260, stack(0x0000003c8e300000,0x0000003c8e400000)]
  0x000001a1ce5d7800 JavaThread "Cancel handler" [_thread_blocked, id=3936, stack(0x0000003c8e400000,0x0000003c8e500000)]
  0x000001a1cdf80000 JavaThread "Daemon worker" [_thread_blocked, id=16032, stack(0x0000003c8e500000,0x0000003c8e600000)]
  0x000001a1cd4ef000 JavaThread "Asynchronous log dispatcher for DefaultDaemonConnection: socket connection from /127.0.0.1:10917 to /127.0.0.1:10918" [_thread_blocked, id=11388, stack(0x0000003c8e600000,0x0000003c8e700000)]
  0x000001a1ce55c800 JavaThread "Stdin handler" [_thread_blocked, id=7664, stack(0x0000003c8e700000,0x0000003c8e800000)]
  0x000001a1cdf70800 JavaThread "Daemon client event forwarder" [_thread_blocked, id=1696, stack(0x0000003c8e800000,0x0000003c8e900000)]
  0x000001a1cdf71800 JavaThread "Cache worker for journal cache (C:\Users\DELL\.gradle\caches\journal-1)" [_thread_blocked, id=5680, stack(0x0000003c8ee00000,0x0000003c8ef00000)]
  0x000001a1cdf75800 JavaThread "File lock request listener" [_thread_in_native, id=10952, stack(0x0000003c8ef00000,0x0000003c8f000000)]
  0x000001a1cdf72800 JavaThread "Cache worker for file hash cache (C:\Users\DELL\.gradle\caches\7.2\fileHashes)" [_thread_blocked, id=11812, stack(0x0000003c8f100000,0x0000003c8f200000)]
  0x000001a1cdf73000 JavaThread "Cache worker for file hash cache (C:\Users\DELL\Desktop\Khadok\.gradle\7.2\fileHashes)" [_thread_blocked, id=18896, stack(0x0000003c8f200000,0x0000003c8f300000)]
  0x000001a1cdf74000 JavaThread "File watcher server" daemon [_thread_in_native, id=6108, stack(0x0000003c8f300000,0x0000003c8f400000)]
  0x000001a1cdf75000 JavaThread "File watcher consumer" daemon [_thread_blocked, id=1204, stack(0x0000003c8f400000,0x0000003c8f500000)]
  0x000001a1cdf70000 JavaThread "jar transforms" [_thread_blocked, id=7884, stack(0x0000003c8f500000,0x0000003c8f600000)]
  0x000001a1cdf76800 JavaThread "jar transforms Thread 2" [_thread_blocked, id=8024, stack(0x0000003c8f600000,0x0000003c8f700000)]
  0x000001a1ce25c800 JavaThread "jar transforms Thread 3" [_thread_blocked, id=14092, stack(0x0000003c8f700000,0x0000003c8f800000)]
  0x000001a1ce258800 JavaThread "jar transforms Thread 4" [_thread_blocked, id=20396, stack(0x0000003c8f800000,0x0000003c8f900000)]
  0x000001a1ce25b800 JavaThread "jar transforms Thread 5" [_thread_blocked, id=19956, stack(0x0000003c8f900000,0x0000003c8fa00000)]
  0x000001a1ce25d000 JavaThread "jar transforms Thread 6" [_thread_blocked, id=2252, stack(0x0000003c8fa00000,0x0000003c8fb00000)]
  0x000001a1ce25e000 JavaThread "jar transforms Thread 7" [_thread_blocked, id=11216, stack(0x0000003c8fb00000,0x0000003c8fc00000)]
  0x000001a1ce25b000 JavaThread "jar transforms Thread 8" [_thread_blocked, id=15752, stack(0x0000003c8fc00000,0x0000003c8fd00000)]
  0x000001a1ce25f000 JavaThread "Cache worker for checksums cache (C:\Users\DELL\Desktop\Khadok\.gradle\checksums)" [_thread_blocked, id=9184, stack(0x0000003c8fd00000,0x0000003c8fe00000)]
  0x000001a1ce259000 JavaThread "Cache worker for cache directory md-supplier (C:\Users\DELL\.gradle\caches\7.2\md-supplier)" [_thread_blocked, id=15460, stack(0x0000003c8fe00000,0x0000003c8ff00000)]
  0x000001a1ce25a000 JavaThread "Cache worker for cache directory md-rule (C:\Users\DELL\.gradle\caches\7.2\md-rule)" [_thread_blocked, id=8432, stack(0x0000003c8ff00000,0x0000003c90000000)]
  0x000001a1ceef7000 JavaThread "Cache worker for execution history cache (C:\Users\DELL\.gradle\caches\7.2\executionHistory)" [_thread_blocked, id=18180, stack(0x0000003c90000000,0x0000003c90100000)]
  0x000001a1ceef7800 JavaThread "Cache worker for file content cache (C:\Users\DELL\.gradle\caches\7.2\fileContent)" [_thread_blocked, id=7764, stack(0x0000003c90100000,0x0000003c90200000)]

Other Threads:
=>0x000001a1cb80e800 VMThread "VM Thread" [stack: 0x0000003c8d200000,0x0000003c8d300000] [id=10136]
  0x000001a1cc385800 WatcherThread [stack: 0x0000003c8dc00000,0x0000003c8dd00000] [id=6416]
  0x000001a1b13b7000 GCTaskThread "GC Thread#0" [stack: 0x0000003c8cd00000,0x0000003c8ce00000] [id=9840]
  0x000001a1ccabb800 GCTaskThread "GC Thread#1" [stack: 0x0000003c8dd00000,0x0000003c8de00000] [id=7812]
  0x000001a1cd4df000 GCTaskThread "GC Thread#2" [stack: 0x0000003c8de00000,0x0000003c8df00000] [id=11480]
  0x000001a1cd4dd800 GCTaskThread "GC Thread#3" [stack: 0x0000003c8e900000,0x0000003c8ea00000] [id=11328]
  0x000001a1cd4dc000 GCTaskThread "GC Thread#4" [stack: 0x0000003c8ea00000,0x0000003c8eb00000] [id=11676]
  0x000001a1cd4df800 GCTaskThread "GC Thread#5" [stack: 0x0000003c8eb00000,0x0000003c8ec00000] [id=2624]
  0x000001a1cd4dc800 GCTaskThread "GC Thread#6" [stack: 0x0000003c8ec00000,0x0000003c8ed00000] [id=20468]
  0x000001a1cd4db000 GCTaskThread "GC Thread#7" [stack: 0x0000003c8ed00000,0x0000003c8ee00000] [id=18888]
  0x000001a1b13e7800 ConcurrentGCThread "G1 Main Marker" [stack: 0x0000003c8ce00000,0x0000003c8cf00000] [id=5024]
  0x000001a1b13e8800 ConcurrentGCThread "G1 Conc#0" [stack: 0x0000003c8cf00000,0x0000003c8d000000] [id=11464]
  0x000001a1cd4d9000 ConcurrentGCThread "G1 Conc#1" [stack: 0x0000003c8f000000,0x0000003c8f100000] [id=9312]
  0x000001a1cb660800 ConcurrentGCThread "G1 Refine#0" [stack: 0x0000003c8d000000,0x0000003c8d100000] [id=9624]
  0x000001a1cb661800 ConcurrentGCThread "G1 Young RemSet Sampling" [stack: 0x0000003c8d100000,0x0000003c8d200000] [id=14784]

Threads with active compile tasks:
C2 CompilerThread0  12971 4355 %     4       org.objectweb.asm.ClassReader::readCode @ 2035 (5109 bytes)

VM state:at safepoint (normal execution)

VM Mutex/Monitor currently owned by a thread:  ([mutex/lock_event])
[0x000001a1b1398e20] Threads_lock - owner thread: 0x000001a1cb80e800
[0x000001a1b1399840] Heap_lock - owner thread: 0x000001a1ce25b000

Heap address: 0x0000000080000000, size: 2048 MB, Compressed Oops mode: 32-bit
Narrow klass base: 0x0000000000000000, Narrow klass shift: 3
Compressed class space size: 1073741824 Address: 0x0000000100000000

Heap:
 garbage-first heap   total 155648K, used 53788K [0x0000000080000000, 0x0000000100000000)
  region size 1024K, 3 young (3072K), 3 survivors (3072K)
 Metaspace       used 43147K, capacity 44354K, committed 44592K, reserved 1087488K
  class space    used 5500K, capacity 5928K, committed 6016K, reserved 1048576K
Heap Regions: E=young(eden), S=young(survivor), O=old, HS=humongous(starts), HC=humongous(continues), CS=collection set, F=free, A=archive, TAMS=top-at-mark-start (previous, next)
|   0|0x0000000080000000, 0x0000000080100000, 0x0000000080100000|100%| O|  |TAMS 0x0000000080100000, 0x0000000080000000| Untracked 
|   1|0x0000000080100000, 0x0000000080200000, 0x0000000080200000|100%| O|  |TAMS 0x0000000080200000, 0x0000000080100000| Untracked 
|   2|0x0000000080200000, 0x0000000080300000, 0x0000000080300000|100%| O|  |TAMS 0x0000000080300000, 0x0000000080200000| Untracked 
|   3|0x0000000080300000, 0x0000000080400000, 0x0000000080400000|100%|HS|  |TAMS 0x0000000080400000, 0x0000000080300000| Complete 
|   4|0x0000000080400000, 0x0000000080500000, 0x0000000080500000|100%|HC|  |TAMS 0x0000000080500000, 0x0000000080400000| Complete 
|   5|0x0000000080500000, 0x0000000080600000, 0x0000000080600000|100%|HC|  |TAMS 0x0000000080600000, 0x0000000080500000| Complete 
|   6|0x0000000080600000, 0x0000000080700000, 0x0000000080700000|100%| O|  |TAMS 0x0000000080700000, 0x0000000080600000| Untracked 
|   7|0x0000000080700000, 0x0000000080800000, 0x0000000080800000|100%| O|  |TAMS 0x0000000080800000, 0x0000000080700000| Untracked 
|   8|0x0000000080800000, 0x0000000080900000, 0x0000000080900000|100%| O|  |TAMS 0x0000000080900000, 0x0000000080800000| Untracked 
|   9|0x0000000080900000, 0x0000000080a00000, 0x0000000080a00000|100%| O|  |TAMS 0x0000000080a00000, 0x0000000080900000| Untracked 
|  10|0x0000000080a00000, 0x0000000080b00000, 0x0000000080b00000|100%| O|  |TAMS 0x0000000080b00000, 0x0000000080a00000| Untracked 
|  11|0x0000000080b00000, 0x0000000080c00000, 0x0000000080c00000|100%| O|  |TAMS 0x0000000080c00000, 0x0000000080b00000| Untracked 
|  12|0x0000000080c00000, 0x0000000080d00000, 0x0000000080d00000|100%| O|  |TAMS 0x0000000080d00000, 0x0000000080c00000| Untracked 
|  13|0x0000000080d00000, 0x0000000080e00000, 0x0000000080e00000|100%| O|  |TAMS 0x0000000080e00000, 0x0000000080d00000| Untracked 
|  14|0x0000000080e00000, 0x0000000080f00000, 0x0000000080f00000|100%| O|  |TAMS 0x0000000080f00000, 0x0000000080e00000| Untracked 
|  15|0x0000000080f00000, 0x0000000081000000, 0x0000000081000000|100%| O|  |TAMS 0x0000000081000000, 0x0000000080f00000| Untracked 
|  16|0x0000000081000000, 0x0000000081100000, 0x0000000081100000|100%|HS|  |TAMS 0x0000000081100000, 0x0000000081000000| Complete 
|  17|0x0000000081100000, 0x0000000081200000, 0x0000000081200000|100%|HC|  |TAMS 0x0000000081200000, 0x0000000081100000| Complete 
|  18|0x0000000081200000, 0x0000000081300000, 0x0000000081300000|100%|HS|  |TAMS 0x0000000081300000, 0x0000000081200000| Complete 
|  19|0x0000000081300000, 0x0000000081400000, 0x0000000081400000|100%|HC|  |TAMS 0x0000000081400000, 0x0000000081300000| Complete 
|  20|0x0000000081400000, 0x0000000081500000, 0x0000000081500000|100%|HC|  |TAMS 0x0000000081500000, 0x0000000081400000| Complete 
|  21|0x0000000081500000, 0x0000000081600000, 0x0000000081600000|100%|HS|  |TAMS 0x0000000081600000, 0x0000000081500000| Complete 
|  22|0x0000000081600000, 0x0000000081700000, 0x0000000081700000|100%|HC|  |TAMS 0x0000000081700000, 0x0000000081600000| Complete 
|  23|0x0000000081700000, 0x0000000081800000, 0x0000000081800000|100%|HC|  |TAMS 0x0000000081800000, 0x0000000081700000| Complete 
|  24|0x0000000081800000, 0x0000000081900000, 0x0000000081900000|100%|HC|  |TAMS 0x0000000081900000, 0x0000000081800000| Complete 
|  25|0x0000000081900000, 0x0000000081a00000, 0x0000000081a00000|100%| O|  |TAMS 0x0000000081a00000, 0x0000000081900000| Untracked 
|  26|0x0000000081a00000, 0x0000000081b00000, 0x0000000081b00000|100%| O|  |TAMS 0x0000000081b00000, 0x0000000081a00000| Untracked 
|  27|0x0000000081b00000, 0x0000000081c00000, 0x0000000081c00000|100%| O|  |TAMS 0x0000000081c00000, 0x0000000081b00000| Untracked 
|  28|0x0000000081c00000, 0x0000000081d00000, 0x0000000081d00000|100%| O|  |TAMS 0x0000000081d00000, 0x0000000081c00000| Untracked 
|  29|0x0000000081d00000, 0x0000000081e00000, 0x0000000081e00000|100%| O|  |TAMS 0x0000000081e00000, 0x0000000081d00000| Untracked 
|  30|0x0000000081e00000, 0x0000000081f00000, 0x0000000081f00000|100%| O|  |TAMS 0x0000000081f00000, 0x0000000081e00000| Untracked 
|  31|0x0000000081f00000, 0x0000000082000000, 0x0000000082000000|100%| O|  |TAMS 0x0000000082000000, 0x0000000081f00000| Untracked 
|  32|0x0000000082000000, 0x0000000082100000, 0x0000000082100000|100%| O|  |TAMS 0x0000000082004000, 0x0000000082000000| Untracked 
|  33|0x0000000082100000, 0x0000000082200000, 0x0000000082200000|100%| O|  |TAMS 0x0000000082100000, 0x0000000082100000| Untracked 
|  34|0x0000000082200000, 0x0000000082300000, 0x0000000082300000|100%| O|  |TAMS 0x0000000082200000, 0x0000000082200000| Untracked 
|  35|0x0000000082300000, 0x0000000082400000, 0x0000000082400000|100%| O|  |TAMS 0x0000000082300000, 0x0000000082300000| Untracked 
|  36|0x0000000082400000, 0x0000000082500000, 0x0000000082500000|100%| O|  |TAMS 0x0000000082400000, 0x0000000082400000| Untracked 
|  37|0x0000000082500000, 0x0000000082600000, 0x0000000082600000|100%| O|  |TAMS 0x0000000082500000, 0x0000000082500000| Untracked 
|  38|0x0000000082600000, 0x0000000082700000, 0x0000000082700000|100%| O|  |TAMS 0x0000000082600000, 0x0000000082600000| Untracked 
|  39|0x0000000082700000, 0x0000000082800000, 0x0000000082800000|100%| O|  |TAMS 0x0000000082700000, 0x0000000082700000| Untracked 
|  40|0x0000000082800000, 0x0000000082900000, 0x0000000082900000|100%| O|  |TAMS 0x0000000082800000, 0x0000000082800000| Untracked 
|  41|0x0000000082900000, 0x0000000082a00000, 0x0000000082a00000|100%| O|  |TAMS 0x0000000082900000, 0x0000000082900000| Untracked 
|  42|0x0000000082a00000, 0x0000000082b00000, 0x0000000082b00000|100%| O|  |TAMS 0x0000000082a00000, 0x0000000082a00000| Untracked 
|  43|0x0000000082b00000, 0x0000000082c00000, 0x0000000082c00000|100%|HS|  |TAMS 0x0000000082b00000, 0x0000000082b00000| Complete 
|  44|0x0000000082c00000, 0x0000000082d00000, 0x0000000082d00000|100%|HC|  |TAMS 0x0000000082c00000, 0x0000000082c00000| Complete 
|  45|0x0000000082d00000, 0x0000000082e00000, 0x0000000082e00000|100%|HC|  |TAMS 0x0000000082d00000, 0x0000000082d00000| Complete 
|  46|0x0000000082e00000, 0x0000000082f00000, 0x0000000082f00000|100%|HC|  |TAMS 0x0000000082e00000, 0x0000000082e00000| Complete 
|  47|0x0000000082f00000, 0x0000000083000000, 0x0000000083000000|100%| O|  |TAMS 0x0000000082f00000, 0x0000000082f00000| Untracked 
|  48|0x0000000083000000, 0x0000000083100000, 0x0000000083100000|100%| O|  |TAMS 0x0000000083000000, 0x0000000083000000| Untracked 
|  49|0x0000000083100000, 0x0000000083200000, 0x0000000083200000|100%| O|  |TAMS 0x0000000083100000, 0x0000000083100000| Untracked 
|  50|0x0000000083200000, 0x000000008326fc00, 0x0000000083300000| 43%| O|  |TAMS 0x0000000083200000, 0x0000000083200000| Untracked 
|  51|0x0000000083300000, 0x0000000083300000, 0x0000000083400000|  0%| F|  |TAMS 0x0000000083300000, 0x0000000083300000| Untracked 
|  52|0x0000000083400000, 0x0000000083400000, 0x0000000083500000|  0%| F|  |TAMS 0x0000000083400000, 0x0000000083400000| Untracked 
|  53|0x0000000083500000, 0x0000000083500000, 0x0000000083600000|  0%| F|  |TAMS 0x0000000083500000, 0x0000000083500000| Untracked 
|  54|0x0000000083600000, 0x0000000083600000, 0x0000000083700000|  0%| F|  |TAMS 0x0000000083600000, 0x0000000083600000| Untracked 
|  55|0x0000000083700000, 0x0000000083700000, 0x0000000083800000|  0%| F|  |TAMS 0x0000000083700000, 0x0000000083700000| Untracked 
|  56|0x0000000083800000, 0x0000000083800000, 0x0000000083900000|  0%| F|  |TAMS 0x0000000083800000, 0x0000000083800000| Untracked 
|  57|0x0000000083900000, 0x0000000083900000, 0x0000000083a00000|  0%| F|  |TAMS 0x0000000083900000, 0x0000000083900000| Untracked 
|  58|0x0000000083a00000, 0x0000000083a00000, 0x0000000083b00000|  0%| F|  |TAMS 0x0000000083a00000, 0x0000000083a00000| Untracked 
|  59|0x0000000083b00000, 0x0000000083b00000, 0x0000000083c00000|  0%| F|  |TAMS 0x0000000083b00000, 0x0000000083b00000| Untracked 
|  60|0x0000000083c00000, 0x0000000083c00000, 0x0000000083d00000|  0%| F|  |TAMS 0x0000000083c00000, 0x0000000083c00000| Untracked 
|  61|0x0000000083d00000, 0x0000000083d00000, 0x0000000083e00000|  0%| F|  |TAMS 0x0000000083d00000, 0x0000000083d00000| Untracked 
|  62|0x0000000083e00000, 0x0000000083e00000, 0x0000000083f00000|  0%| F|  |TAMS 0x0000000083e00000, 0x0000000083e00000| Untracked 
|  63|0x0000000083f00000, 0x0000000083f00000, 0x0000000084000000|  0%| F|  |TAMS 0x0000000083f00000, 0x0000000083f00000| Untracked 
|  64|0x0000000084000000, 0x0000000084000000, 0x0000000084100000|  0%| F|  |TAMS 0x0000000084000000, 0x0000000084000000| Untracked 
|  65|0x0000000084100000, 0x0000000084100000, 0x0000000084200000|  0%| F|  |TAMS 0x0000000084100000, 0x0000000084100000| Untracked 
|  66|0x0000000084200000, 0x0000000084200000, 0x0000000084300000|  0%| F|  |TAMS 0x0000000084200000, 0x0000000084200000| Untracked 
|  67|0x0000000084300000, 0x0000000084300000, 0x0000000084400000|  0%| F|  |TAMS 0x0000000084300000, 0x0000000084300000| Untracked 
|  68|0x0000000084400000, 0x0000000084400000, 0x0000000084500000|  0%| F|  |TAMS 0x0000000084400000, 0x0000000084400000| Untracked 
|  69|0x0000000084500000, 0x0000000084500000, 0x0000000084600000|  0%| F|  |TAMS 0x0000000084500000, 0x0000000084500000| Untracked 
|  70|0x0000000084600000, 0x0000000084600000, 0x0000000084700000|  0%| F|  |TAMS 0x0000000084600000, 0x0000000084600000| Untracked 
|  71|0x0000000084700000, 0x00000000847176f8, 0x0000000084800000|  9%| S|CS|TAMS 0x0000000084700000, 0x0000000084700000| Complete 
|  72|0x0000000084800000, 0x0000000084900000, 0x0000000084900000|100%| S|CS|TAMS 0x0000000084800000, 0x0000000084800000| Complete 
|  73|0x0000000084900000, 0x0000000084a00000, 0x0000000084a00000|100%| S|CS|TAMS 0x0000000084900000, 0x0000000084900000| Complete 
|  74|0x0000000084a00000, 0x0000000084a00000, 0x0000000084b00000|  0%| F|  |TAMS 0x0000000084a00000, 0x0000000084a00000| Untracked 
|  75|0x0000000084b00000, 0x0000000084b00000, 0x0000000084c00000|  0%| F|  |TAMS 0x0000000084b00000, 0x0000000084b00000| Untracked 
|  76|0x0000000084c00000, 0x0000000084c00000, 0x0000000084d00000|  0%| F|  |TAMS 0x0000000084c00000, 0x0000000084c00000| Untracked 
|  77|0x0000000084d00000, 0x0000000084d00000, 0x0000000084e00000|  0%| F|  |TAMS 0x0000000084d00000, 0x0000000084d00000| Untracked 
|  78|0x0000000084e00000, 0x0000000084e00000, 0x0000000084f00000|  0%| F|  |TAMS 0x0000000084e00000, 0x0000000084e00000| Untracked 
|  79|0x0000000084f00000, 0x0000000084f00000, 0x0000000085000000|  0%| F|  |TAMS 0x0000000084f00000, 0x0000000084f00000| Untracked 
|  80|0x0000000085000000, 0x0000000085000000, 0x0000000085100000|  0%| F|  |TAMS 0x0000000085000000, 0x0000000085000000| Untracked 
|  81|0x0000000085100000, 0x0000000085100000, 0x0000000085200000|  0%| F|  |TAMS 0x0000000085100000, 0x0000000085100000| Untracked 
|  82|0x0000000085200000, 0x0000000085200000, 0x0000000085300000|  0%| F|  |TAMS 0x0000000085200000, 0x0000000085200000| Untracked 
|  83|0x0000000085300000, 0x0000000085300000, 0x0000000085400000|  0%| F|  |TAMS 0x0000000085300000, 0x0000000085300000| Untracked 
|  84|0x0000000085400000, 0x0000000085400000, 0x0000000085500000|  0%| F|  |TAMS 0x0000000085400000, 0x0000000085400000| Untracked 
|  85|0x0000000085500000, 0x0000000085500000, 0x0000000085600000|  0%| F|  |TAMS 0x0000000085500000, 0x0000000085500000| Untracked 
|  86|0x0000000085600000, 0x0000000085600000, 0x0000000085700000|  0%| F|  |TAMS 0x0000000085600000, 0x0000000085600000| Untracked 
|  87|0x0000000085700000, 0x0000000085700000, 0x0000000085800000|  0%| F|  |TAMS 0x0000000085700000, 0x0000000085700000| Untracked 
|  88|0x0000000085800000, 0x0000000085800000, 0x0000000085900000|  0%| F|  |TAMS 0x0000000085800000, 0x0000000085800000| Untracked 
|  89|0x0000000085900000, 0x0000000085900000, 0x0000000085a00000|  0%| F|  |TAMS 0x0000000085900000, 0x0000000085900000| Untracked 
|  90|0x0000000085a00000, 0x0000000085a00000, 0x0000000085b00000|  0%| F|  |TAMS 0x0000000085a00000, 0x0000000085a00000| Untracked 
|  91|0x0000000085b00000, 0x0000000085b00000, 0x0000000085c00000|  0%| F|  |TAMS 0x0000000085b00000, 0x0000000085b00000| Untracked 
|  92|0x0000000085c00000, 0x0000000085c00000, 0x0000000085d00000|  0%| F|  |TAMS 0x0000000085c00000, 0x0000000085c00000| Untracked 
|  93|0x0000000085d00000, 0x0000000085d00000, 0x0000000085e00000|  0%| F|  |TAMS 0x0000000085d00000, 0x0000000085d00000| Untracked 
|  94|0x0000000085e00000, 0x0000000085e00000, 0x0000000085f00000|  0%| F|  |TAMS 0x0000000085e00000, 0x0000000085e00000| Untracked 
|  95|0x0000000085f00000, 0x0000000085f00000, 0x0000000086000000|  0%| F|  |TAMS 0x0000000085f00000, 0x0000000085f00000| Untracked 
|  96|0x0000000086000000, 0x0000000086000000, 0x0000000086100000|  0%| F|  |TAMS 0x0000000086000000, 0x0000000086000000| Untracked 
|  97|0x0000000086100000, 0x0000000086100000, 0x0000000086200000|  0%| F|  |TAMS 0x0000000086100000, 0x0000000086100000| Untracked 
|  98|0x0000000086200000, 0x0000000086200000, 0x0000000086300000|  0%| F|  |TAMS 0x0000000086200000, 0x0000000086200000| Untracked 
|  99|0x0000000086300000, 0x0000000086300000, 0x0000000086400000|  0%| F|  |TAMS 0x0000000086300000, 0x0000000086300000| Untracked 
| 100|0x0000000086400000, 0x0000000086400000, 0x0000000086500000|  0%| F|  |TAMS 0x0000000086400000, 0x0000000086400000| Untracked 
| 101|0x0000000086500000, 0x0000000086500000, 0x0000000086600000|  0%| F|  |TAMS 0x0000000086500000, 0x0000000086500000| Untracked 
| 102|0x0000000086600000, 0x0000000086600000, 0x0000000086700000|  0%| F|  |TAMS 0x0000000086600000, 0x0000000086600000| Untracked 
| 103|0x0000000086700000, 0x0000000086700000, 0x0000000086800000|  0%| F|  |TAMS 0x0000000086700000, 0x0000000086700000| Untracked 
| 104|0x0000000086800000, 0x0000000086800000, 0x0000000086900000|  0%| F|  |TAMS 0x0000000086800000, 0x0000000086800000| Untracked 
| 105|0x0000000086900000, 0x0000000086900000, 0x0000000086a00000|  0%| F|  |TAMS 0x0000000086900000, 0x0000000086900000| Untracked 
| 106|0x0000000086a00000, 0x0000000086a00000, 0x0000000086b00000|  0%| F|  |TAMS 0x0000000086a00000, 0x0000000086a00000| Untracked 
| 107|0x0000000086b00000, 0x0000000086b00000, 0x0000000086c00000|  0%| F|  |TAMS 0x0000000086b00000, 0x0000000086b00000| Untracked 
| 108|0x0000000086c00000, 0x0000000086c00000, 0x0000000086d00000|  0%| F|  |TAMS 0x0000000086c00000, 0x0000000086c00000| Untracked 
| 109|0x0000000086d00000, 0x0000000086d00000, 0x0000000086e00000|  0%| F|  |TAMS 0x0000000086d00000, 0x0000000086d00000| Untracked 
| 110|0x0000000086e00000, 0x0000000086e00000, 0x0000000086f00000|  0%| F|  |TAMS 0x0000000086e00000, 0x0000000086e00000| Untracked 
| 111|0x0000000086f00000, 0x0000000086f00000, 0x0000000087000000|  0%| F|  |TAMS 0x0000000086f00000, 0x0000000086f00000| Untracked 
| 112|0x0000000087000000, 0x0000000087000000, 0x0000000087100000|  0%| F|  |TAMS 0x0000000087000000, 0x0000000087000000| Untracked 
| 113|0x0000000087100000, 0x0000000087100000, 0x0000000087200000|  0%| F|  |TAMS 0x0000000087100000, 0x0000000087100000| Untracked 
| 114|0x0000000087200000, 0x0000000087200000, 0x0000000087300000|  0%| F|  |TAMS 0x0000000087200000, 0x0000000087200000| Untracked 
| 115|0x0000000087300000, 0x0000000087300000, 0x0000000087400000|  0%| F|  |TAMS 0x0000000087300000, 0x0000000087300000| Untracked 
| 116|0x0000000087400000, 0x0000000087400000, 0x0000000087500000|  0%| F|  |TAMS 0x0000000087400000, 0x0000000087400000| Untracked 
| 117|0x0000000087500000, 0x0000000087500000, 0x0000000087600000|  0%| F|  |TAMS 0x0000000087500000, 0x0000000087500000| Untracked 
| 118|0x0000000087600000, 0x0000000087600000, 0x0000000087700000|  0%| F|  |TAMS 0x0000000087600000, 0x0000000087600000| Untracked 
| 119|0x0000000087700000, 0x0000000087700000, 0x0000000087800000|  0%| F|  |TAMS 0x0000000087700000, 0x0000000087700000| Untracked 
| 120|0x0000000087800000, 0x0000000087800000, 0x0000000087900000|  0%| F|  |TAMS 0x0000000087800000, 0x0000000087800000| Untracked 
| 121|0x0000000087900000, 0x0000000087900000, 0x0000000087a00000|  0%| F|  |TAMS 0x0000000087900000, 0x0000000087900000| Untracked 
| 122|0x0000000087a00000, 0x0000000087a00000, 0x0000000087b00000|  0%| F|  |TAMS 0x0000000087a00000, 0x0000000087a00000| Untracked 
| 123|0x0000000087b00000, 0x0000000087b00000, 0x0000000087c00000|  0%| F|  |TAMS 0x0000000087b00000, 0x0000000087b00000| Untracked 
| 124|0x0000000087c00000, 0x0000000087c00000, 0x0000000087d00000|  0%| F|  |TAMS 0x0000000087c00000, 0x0000000087c00000| Untracked 
| 125|0x0000000087d00000, 0x0000000087d00000, 0x0000000087e00000|  0%| F|  |TAMS 0x0000000087d00000, 0x0000000087d00000| Untracked 

Card table byte_map: [0x000001a1c45d0000,0x000001a1c49d0000] _byte_map_base: 0x000001a1c41d0000

Marking Bits (Prev, Next): (CMBitMap*) 0x000001a1b13de7d8, (CMBitMap*) 0x000001a1b13de810
 Prev Bits: [0x000001a1c4dd0000, 0x000001a1c6dd0000)
 Next Bits: [0x000001a1c6dd0000, 0x000001a1c8dd0000)

Polling page: 0x000001a1b0b80000

Metaspace:

Usage:
  Non-class:     37.53 MB capacity,    36.76 MB ( 98%) used,   671.95 KB (  2%) free+waste,   107.19 KB ( <1%) overhead. 
      Class:      5.79 MB capacity,     5.37 MB ( 93%) used,   375.81 KB (  6%) free+waste,    51.81 KB ( <1%) overhead. 
       Both:     43.31 MB capacity,    42.14 MB ( 97%) used,     1.02 MB (  2%) free+waste,   159.00 KB ( <1%) overhead. 

Virtual space:
  Non-class space:       38.00 MB reserved,      37.67 MB (>99%) committed 
      Class space:        1.00 GB reserved,       5.88 MB ( <1%) committed 
             Both:        1.04 GB reserved,      43.55 MB (  4%) committed 

Chunk freelists:
   Non-Class:  22.00 KB
       Class:  24.00 KB
        Both:  46.00 KB

MaxMetaspaceSize: 17179869184.00 GB
CompressedClassSpaceSize: 1.00 GB

CodeHeap 'non-profiled nmethods': size=120000Kb used=2180Kb max_used=2180Kb free=117819Kb
 bounds [0x000001a1bc970000, 0x000001a1bcbe0000, 0x000001a1c3ea0000]
CodeHeap 'profiled nmethods': size=120000Kb used=9708Kb max_used=9708Kb free=110291Kb
 bounds [0x000001a1b5440000, 0x000001a1b5dc0000, 0x000001a1bc970000]
CodeHeap 'non-nmethods': size=5760Kb used=2219Kb max_used=2302Kb free=3540Kb
 bounds [0x000001a1b4ea0000, 0x000001a1b5110000, 0x000001a1b5440000]
 total_blobs=4977 nmethods=4202 adapters=686
 compilation: enabled
              stopped_count=0, restarted_count=0
 full_count=0

Compilation events (20 events):
Event: 11.972 Thread 0x000001a1cb83a800 4345 %     3       org.objectweb.asm.MethodWriter::visitFrame @ 440 (811 bytes)
Event: 11.975 Thread 0x000001a1cb83a800 nmethod 4345% 0x000001a1b5da7590 code [0x000001a1b5da7aa0, 0x000001a1b5da9c28]
Event: 11.975 Thread 0x000001a1cb83a800 4346       2       org.objectweb.asm.ClassReader::readBootstrapMethodsAttribute (131 bytes)
Event: 11.976 Thread 0x000001a1cb83a800 nmethod 4346 0x000001a1b5daac10 code [0x000001a1b5daae40, 0x000001a1b5dab4e8]
Event: 11.977 Thread 0x000001a1cb83a800 4347       3       org.objectweb.asm.MethodWriter::visitFrame (811 bytes)
Event: 11.979 Thread 0x000001a1cb83a800 nmethod 4347 0x000001a1b5dab990 code [0x000001a1b5dabe80, 0x000001a1b5dade68]
Event: 11.995 Thread 0x000001a1cb83a800 4348 %     3       org.objectweb.asm.ClassReader::readField @ 426 (667 bytes)
Event: 11.998 Thread 0x000001a1cb83a800 nmethod 4348% 0x000001a1b5daed90 code [0x000001a1b5daf320, 0x000001a1b5db25b8]
Event: 12.148 Thread 0x000001a1cb83a800 4350       3       org.objectweb.asm.ClassReader::readField (667 bytes)
Event: 12.151 Thread 0x000001a1cb83a800 nmethod 4350 0x000001a1b5db3f10 code [0x000001a1b5db44a0, 0x000001a1b5db7418]
Event: 12.511 Thread 0x000001a1cb837000 nmethod 4316% 0x000001a1bcb76310 code [0x000001a1bcb76c80, 0x000001a1bcb88e08]
Event: 12.512 Thread 0x000001a1cb837000 4344       4       org.objectweb.asm.ClassReader::getFirstAttributeOffset (136 bytes)
Event: 12.520 Thread 0x000001a1cb837000 nmethod 4344 0x000001a1bcb90690 code [0x000001a1bcb90840, 0x000001a1bcb90cf8]
Event: 12.521 Thread 0x000001a1cb837000 4355 %     4       org.objectweb.asm.ClassReader::readCode @ 2035 (5109 bytes)
Event: 12.632 Thread 0x000001a1cb83a800 4359       2       org.gradle.internal.serialize.InputStreamBackedDecoder::readString (8 bytes)
Event: 12.632 Thread 0x000001a1cb83a800 nmethod 4359 0x000001a1b5db8c90 code [0x000001a1b5db8e40, 0x000001a1b5db8f68]
Event: 12.852 Thread 0x000001a1cb83a800 4362 %     3       org.objectweb.asm.SymbolTable::addBootstrapMethod @ 112 (209 bytes)
Event: 12.853 Thread 0x000001a1cb83a800 nmethod 4362% 0x000001a1b5db9090 code [0x000001a1b5db9320, 0x000001a1b5db9f78]
Event: 12.899 Thread 0x000001a1cb83a800 4363 %     3       org.objectweb.asm.ClassReader::readElementValues @ 18 (88 bytes)
Event: 12.900 Thread 0x000001a1cb83a800 nmethod 4363% 0x000001a1b5dba590 code [0x000001a1b5dba7c0, 0x000001a1b5dbaff8]

GC Heap History (20 events):
Event: 9.406 GC heap after
{Heap after GC invocations=12 (full 0):
 garbage-first heap   total 129024K, used 44626K [0x0000000080000000, 0x0000000100000000)
  region size 1024K, 3 young (3072K), 3 survivors (3072K)
 Metaspace       used 43072K, capacity 44226K, committed 44336K, reserved 1087488K
  class space    used 5491K, capacity 5928K, committed 6016K, reserved 1048576K
}
Event: 9.799 GC heap before
{Heap before GC invocations=12 (full 0):
 garbage-first heap   total 129024K, used 93778K [0x0000000080000000, 0x0000000100000000)
  region size 1024K, 51 young (52224K), 3 survivors (3072K)
 Metaspace       used 43087K, capacity 44290K, committed 44592K, reserved 1087488K
  class space    used 5491K, capacity 5928K, committed 6016K, reserved 1048576K
}
Event: 9.801 GC heap after
{Heap after GC invocations=13 (full 0):
 garbage-first heap   total 129024K, used 44569K [0x0000000080000000, 0x0000000100000000)
  region size 1024K, 3 young (3072K), 3 survivors (3072K)
 Metaspace       used 43087K, capacity 44290K, committed 44592K, reserved 1087488K
  class space    used 5491K, capacity 5928K, committed 6016K, reserved 1048576K
}
Event: 10.159 GC heap before
{Heap before GC invocations=13 (full 0):
 garbage-first heap   total 129024K, used 95769K [0x0000000080000000, 0x0000000100000000)
  region size 1024K, 53 young (54272K), 3 survivors (3072K)
 Metaspace       used 43089K, capacity 44290K, committed 44592K, reserved 1087488K
  class space    used 5491K, capacity 5928K, committed 6016K, reserved 1048576K
}
Event: 10.162 GC heap after
{Heap after GC invocations=14 (full 0):
 garbage-first heap   total 129024K, used 44919K [0x0000000080000000, 0x0000000100000000)
  region size 1024K, 3 young (3072K), 3 survivors (3072K)
 Metaspace       used 43089K, capacity 44290K, committed 44592K, reserved 1087488K
  class space    used 5491K, capacity 5928K, committed 6016K, reserved 1048576K
}
Event: 10.492 GC heap before
{Heap before GC invocations=14 (full 0):
 garbage-first heap   total 129024K, used 98167K [0x0000000080000000, 0x0000000100000000)
  region size 1024K, 55 young (56320K), 3 survivors (3072K)
 Metaspace       used 43089K, capacity 44290K, committed 44592K, reserved 1087488K
  class space    used 5491K, capacity 5928K, committed 6016K, reserved 1048576K
}
Event: 10.495 GC heap after
{Heap after GC invocations=15 (full 0):
 garbage-first heap   total 129024K, used 45530K [0x0000000080000000, 0x0000000100000000)
  region size 1024K, 4 young (4096K), 4 survivors (4096K)
 Metaspace       used 43089K, capacity 44290K, committed 44592K, reserved 1087488K
  class space    used 5491K, capacity 5928K, committed 6016K, reserved 1048576K
}
Event: 10.864 GC heap before
{Heap before GC invocations=15 (full 0):
 garbage-first heap   total 129024K, used 99802K [0x0000000080000000, 0x0000000100000000)
  region size 1024K, 57 young (58368K), 4 survivors (4096K)
 Metaspace       used 43089K, capacity 44290K, committed 44592K, reserved 1087488K
  class space    used 5491K, capacity 5928K, committed 6016K, reserved 1048576K
}
Event: 10.868 GC heap after
{Heap after GC invocations=16 (full 0):
 garbage-first heap   total 129024K, used 45994K [0x0000000080000000, 0x0000000100000000)
  region size 1024K, 4 young (4096K), 4 survivors (4096K)
 Metaspace       used 43089K, capacity 44290K, committed 44592K, reserved 1087488K
  class space    used 5491K, capacity 5928K, committed 6016K, reserved 1048576K
}
Event: 11.301 GC heap before
{Heap before GC invocations=16 (full 0):
 garbage-first heap   total 129024K, used 102314K [0x0000000080000000, 0x0000000100000000)
  region size 1024K, 58 young (59392K), 4 survivors (4096K)
 Metaspace       used 43090K, capacity 44290K, committed 44592K, reserved 1087488K
  class space    used 5491K, capacity 5928K, committed 6016K, reserved 1048576K
}
Event: 11.307 GC heap after
{Heap after GC invocations=17 (full 0):
 garbage-first heap   total 129024K, used 49058K [0x0000000080000000, 0x0000000100000000)
  region size 1024K, 7 young (7168K), 7 survivors (7168K)
 Metaspace       used 43090K, capacity 44290K, committed 44592K, reserved 1087488K
  class space    used 5491K, capacity 5928K, committed 6016K, reserved 1048576K
}
Event: 11.653 GC heap before
{Heap before GC invocations=17 (full 0):
 garbage-first heap   total 129024K, used 102306K [0x0000000080000000, 0x0000000100000000)
  region size 1024K, 59 young (60416K), 7 survivors (7168K)
 Metaspace       used 43097K, capacity 44290K, committed 44592K, reserved 1087488K
  class space    used 5491K, capacity 5928K, committed 6016K, reserved 1048576K
}
Event: 11.661 GC heap after
{Heap after GC invocations=18 (full 0):
 garbage-first heap   total 129024K, used 51849K [0x0000000080000000, 0x0000000100000000)
  region size 1024K, 7 young (7168K), 7 survivors (7168K)
 Metaspace       used 43097K, capacity 44290K, committed 44592K, reserved 1087488K
  class space    used 5491K, capacity 5928K, committed 6016K, reserved 1048576K
}
Event: 11.946 GC heap before
{Heap before GC invocations=18 (full 0):
 garbage-first heap   total 129024K, used 104073K [0x0000000080000000, 0x0000000100000000)
  region size 1024K, 58 young (59392K), 7 survivors (7168K)
 Metaspace       used 43101K, capacity 44290K, committed 44592K, reserved 1087488K
  class space    used 5491K, capacity 5928K, committed 6016K, reserved 1048576K
}
Event: 11.952 GC heap after
{Heap after GC invocations=19 (full 0):
 garbage-first heap   total 129024K, used 52605K [0x0000000080000000, 0x0000000100000000)
  region size 1024K, 4 young (4096K), 4 survivors (4096K)
 Metaspace       used 43101K, capacity 44290K, committed 44592K, reserved 1087488K
  class space    used 5491K, capacity 5928K, committed 6016K, reserved 1048576K
}
Event: 12.209 GC heap before
{Heap before GC invocations=19 (full 0):
 garbage-first heap   total 129024K, used 104829K [0x0000000080000000, 0x0000000100000000)
  region size 1024K, 55 young (56320K), 4 survivors (4096K)
 Metaspace       used 43101K, capacity 44290K, committed 44592K, reserved 1087488K
  class space    used 5491K, capacity 5928K, committed 6016K, reserved 1048576K
}
Event: 12.212 GC heap after
{Heap after GC invocations=20 (full 0):
 garbage-first heap   total 129024K, used 52566K [0x0000000080000000, 0x0000000100000000)
  region size 1024K, 4 young (4096K), 4 survivors (4096K)
 Metaspace       used 43101K, capacity 44290K, committed 44592K, reserved 1087488K
  class space    used 5491K, capacity 5928K, committed 6016K, reserved 1048576K
}
Event: 12.574 GC heap before
{Heap before GC invocations=20 (full 0):
 garbage-first heap   total 129024K, used 105814K [0x0000000080000000, 0x0000000100000000)
  region size 1024K, 56 young (57344K), 4 survivors (4096K)
 Metaspace       used 43101K, capacity 44290K, committed 44592K, reserved 1087488K
  class space    used 5491K, capacity 5928K, committed 6016K, reserved 1048576K
}
Event: 12.578 GC heap after
{Heap after GC invocations=21 (full 0):
 garbage-first heap   total 129024K, used 53352K [0x0000000080000000, 0x0000000100000000)
  region size 1024K, 5 young (5120K), 5 survivors (5120K)
 Metaspace       used 43101K, capacity 44290K, committed 44592K, reserved 1087488K
  class space    used 5491K, capacity 5928K, committed 6016K, reserved 1048576K
}
Event: 12.919 GC heap before
{Heap before GC invocations=21 (full 0):
 garbage-first heap   total 129024K, used 106600K [0x0000000080000000, 0x0000000100000000)
  region size 1024K, 57 young (58368K), 5 survivors (5120K)
 Metaspace       used 43147K, capacity 44354K, committed 44592K, reserved 1087488K
  class space    used 5500K, capacity 5928K, committed 6016K, reserved 1048576K
}

Deoptimization events (20 events):
Event: 12.573 Thread 0x000001a1ce25b000 DEOPT PACKING pc=0x000001a1b5d8db2c sp=0x0000003c8fcfdfa0
Event: 12.573 Thread 0x000001a1ce25b000 DEOPT UNPACKING pc=0x000001a1b4ec7c0e sp=0x0000003c8fcfd610 mode 0
Event: 12.585 Thread 0x000001a1ce25b000 DEOPT PACKING pc=0x000001a1b5d8db2c sp=0x0000003c8fcfdfa0
Event: 12.585 Thread 0x000001a1ce25b000 DEOPT UNPACKING pc=0x000001a1b4ec7c0e sp=0x0000003c8fcfd610 mode 0
Event: 12.636 Thread 0x000001a1ce25b000 DEOPT PACKING pc=0x000001a1b5d8db2c sp=0x0000003c8fcfdfa0
Event: 12.636 Thread 0x000001a1ce25b000 DEOPT UNPACKING pc=0x000001a1b4ec7c0e sp=0x0000003c8fcfd610 mode 0
Event: 12.651 Thread 0x000001a1ce25b000 DEOPT PACKING pc=0x000001a1b5d8d270 sp=0x0000003c8fcfdfa0
Event: 12.651 Thread 0x000001a1ce25b000 DEOPT UNPACKING pc=0x000001a1b4ec7c0e sp=0x0000003c8fcfd610 mode 0
Event: 12.663 Thread 0x000001a1ce25b000 DEOPT PACKING pc=0x000001a1b5d8db2c sp=0x0000003c8fcfdfa0
Event: 12.663 Thread 0x000001a1ce25b000 DEOPT UNPACKING pc=0x000001a1b4ec7c0e sp=0x0000003c8fcfd610 mode 0
Event: 12.758 Thread 0x000001a1ce25b000 DEOPT PACKING pc=0x000001a1b5d8d270 sp=0x0000003c8fcfdfa0
Event: 12.758 Thread 0x000001a1ce25b000 DEOPT UNPACKING pc=0x000001a1b4ec7c0e sp=0x0000003c8fcfd610 mode 0
Event: 12.819 Thread 0x000001a1ce25b000 DEOPT PACKING pc=0x000001a1b5d8db2c sp=0x0000003c8fcfdfa0
Event: 12.819 Thread 0x000001a1ce25b000 DEOPT UNPACKING pc=0x000001a1b4ec7c0e sp=0x0000003c8fcfd610 mode 0
Event: 12.875 Thread 0x000001a1ce25b000 DEOPT PACKING pc=0x000001a1b5d8d270 sp=0x0000003c8fcfdfa0
Event: 12.875 Thread 0x000001a1ce25b000 DEOPT UNPACKING pc=0x000001a1b4ec7c0e sp=0x0000003c8fcfd610 mode 0
Event: 12.888 Thread 0x000001a1ce25b000 DEOPT PACKING pc=0x000001a1b5d8db2c sp=0x0000003c8fcfdfa0
Event: 12.888 Thread 0x000001a1ce25b000 DEOPT UNPACKING pc=0x000001a1b4ec7c0e sp=0x0000003c8fcfd610 mode 0
Event: 12.915 Thread 0x000001a1ce25b000 DEOPT PACKING pc=0x000001a1b5d8db2c sp=0x0000003c8fcfdfa0
Event: 12.915 Thread 0x000001a1ce25b000 DEOPT UNPACKING pc=0x000001a1b4ec7c0e sp=0x0000003c8fcfd610 mode 0

Classes redefined (0 events):
No events

Internal exceptions (20 events):
Event: 8.245 Thread 0x000001a1ce25d000 Exception <a 'sun/nio/fs/WindowsException'{0x0000000087a972b0}> (0x0000000087a972b0) thrown at [./src/hotspot/share/prims/jni.cpp, line 615]
Event: 8.245 Thread 0x000001a1ce25d000 Exception <a 'sun/nio/fs/WindowsException'{0x0000000087a97420}> (0x0000000087a97420) thrown at [./src/hotspot/share/prims/jni.cpp, line 615]
Event: 8.424 Thread 0x000001a1cdf80000 Exception <a 'java/lang/ClassNotFoundException'{0x0000000087af1ea8}: sync_studio_tooling1_6ybtj18hzs0ayir9ofah66dntBeanInfo> (0x0000000087af1ea8) thrown at [./src/hotspot/share/classfile/systemDictionary.cpp, line 231]
Event: 8.424 Thread 0x000001a1cdf80000 Exception <a 'java/lang/ClassNotFoundException'{0x0000000087afe0f0}: sync_studio_tooling1_6ybtj18hzs0ayir9ofah66dntCustomizer> (0x0000000087afe0f0) thrown at [./src/hotspot/share/classfile/systemDictionary.cpp, line 231]
Event: 8.431 Thread 0x000001a1cdf80000 Exception <a 'java/lang/ClassNotFoundException'{0x00000000879741d0}: org/gradle/internal/metaobject/ConfigureDelegateBeanInfo> (0x00000000879741d0) thrown at [./src/hotspot/share/classfile/systemDictionary.cpp, line 231]
Event: 8.432 Thread 0x000001a1cdf80000 Exception <a 'java/lang/ClassNotFoundException'{0x0000000087999848}: org/gradle/internal/metaobject/ConfigureDelegateCustomizer> (0x0000000087999848) thrown at [./src/hotspot/share/classfile/systemDictionary.cpp, line 231]
Event: 8.438 Thread 0x000001a1cdf80000 Exception <a 'java/lang/ClassNotFoundException'{0x000000008780e968}: org/gradle/api/internal/initialization/DefaultScriptHandlerBeanInfo> (0x000000008780e968) thrown at [./src/hotspot/share/classfile/systemDictionary.cpp, line 231]
Event: 8.439 Thread 0x000001a1cdf80000 Exception <a 'java/lang/ClassNotFoundException'{0x0000000087836ad0}: org/gradle/api/internal/initialization/DefaultScriptHandlerCustomizer> (0x0000000087836ad0) thrown at [./src/hotspot/share/classfile/systemDictionary.cpp, line 231]
Event: 8.550 Thread 0x000001a1cdf80000 Exception <a 'java/lang/ClassNotFoundException'{0x000000008706f5b8}: org/gradle/api/internal/artifacts/dsl/dependencies/DefaultDependencyHandler_DecoratedBeanInfo> (0x000000008706f5b8) thrown at [./src/hotspot/share/classfile/systemDictionary.cpp, line 231]
Event: 8.551 Thread 0x000001a1cdf80000 Exception <a 'java/lang/ClassNotFoundException'{0x00000000870ad548}: org/gradle/api/internal/artifacts/dsl/dependencies/DefaultDependencyHandlerBeanInfo> (0x00000000870ad548) thrown at [./src/hotspot/share/classfile/systemDictionary.cpp, line 231]
Event: 8.552 Thread 0x000001a1cdf80000 Exception <a 'java/lang/ClassNotFoundException'{0x00000000870eac40}: org/gradle/api/internal/artifacts/dsl/dependencies/DefaultDependencyHandlerCustomizer> (0x00000000870eac40) thrown at [./src/hotspot/share/classfile/systemDictionary.cpp, line 231]
Event: 8.556 Thread 0x000001a1cdf80000 Exception <a 'java/lang/ClassNotFoundException'{0x0000000086f51488}: org/gradle/api/internal/artifacts/dsl/dependencies/DefaultDependencyHandler_DecoratedCustomizer> (0x0000000086f51488) thrown at [./src/hotspot/share/classfile/systemDictionary.cpp, line 231]
Event: 8.765 Thread 0x000001a1cdf80000 Exception <a 'java/lang/IncompatibleClassChangeError'{0x000000008602c9a8}: Found class java.lang.Object, but interface was expected> (0x000000008602c9a8) thrown at [./src/hotspot/share/interpreter/linkResolver.cpp, line 839]
Event: 8.796 Thread 0x000001a1cdf80000 Exception <a 'java/lang/NoSuchMethodError'{0x0000000085ff7670}: 'java.lang.Object java.lang.invoke.Invokers$Holder.linkToTargetMethod(java.lang.Object, int, java.lang.Object)'> (0x0000000085ff7670) thrown at [./src/hotspot/share/interpreter/linkResolver.cpp, line 773]
Event: 8.849 Thread 0x000001a1cdf80000 Exception <a 'java/lang/NoSuchMethodError'{0x0000000085a48700}: 'int java.lang.invoke.DirectMethodHandle$Holder.invokeStaticInit(java.lang.Object)'> (0x0000000085a48700) thrown at [./src/hotspot/share/interpreter/linkResolver.cpp, line 773]
Event: 8.879 Thread 0x000001a1ce25b800 Exception <a 'sun/nio/fs/WindowsException'{0x00000000859f4b38}> (0x00000000859f4b38) thrown at [./src/hotspot/share/prims/jni.cpp, line 615]
Event: 9.022 Thread 0x000001a1ce25b000 Exception <a 'sun/nio/fs/WindowsException'{0x0000000087358778}> (0x0000000087358778) thrown at [./src/hotspot/share/prims/jni.cpp, line 615]
Event: 9.432 Thread 0x000001a1ce25b800 Exception <a 'sun/nio/fs/WindowsException'{0x00000000878c2058}> (0x00000000878c2058) thrown at [./src/hotspot/share/prims/jni.cpp, line 615]
Event: 9.432 Thread 0x000001a1ce25b800 Exception <a 'sun/nio/fs/WindowsException'{0x00000000878c2200}> (0x00000000878c2200) thrown at [./src/hotspot/share/prims/jni.cpp, line 615]
Event: 11.438 Thread 0x000001a1ce25b000 Implicit null exception at 0x000001a1bcb4363d to 0x000001a1bcb43b00

Events (20 events):
Event: 12.628 loading class org/gradle/launcher/daemon/server/health/DaemonMemoryStatus$1 done
Event: 12.628 loading class org/gradle/launcher/daemon/server/health/DaemonMemoryStatus$2
Event: 12.628 loading class org/gradle/launcher/daemon/server/health/DaemonMemoryStatus$2 done
Event: 12.629 loading class org/gradle/launcher/daemon/server/CompatibleDaemonExpirationStrategy$1
Event: 12.629 loading class org/gradle/launcher/daemon/server/CompatibleDaemonExpirationStrategy$1 done
Event: 12.629 loading class org/gradle/launcher/daemon/registry/PersistentDaemonRegistry$1
Event: 12.629 loading class org/gradle/launcher/daemon/registry/PersistentDaemonRegistry$1 done
Event: 12.629 loading class org/gradle/cache/internal/SimpleStateCache$1
Event: 12.629 loading class org/gradle/cache/internal/SimpleStateCache$1 done
Event: 12.632 loading class org/gradle/launcher/daemon/server/DaemonRegistryUnavailableExpirationStrategy$1
Event: 12.632 loading class org/gradle/launcher/daemon/server/DaemonRegistryUnavailableExpirationStrategy$1 done
Event: 12.632 loading class com/google/common/collect/Lists$TransformingSequentialList
Event: 12.632 loading class com/google/common/collect/Lists$TransformingSequentialList done
Event: 12.633 loading class com/google/common/collect/Lists$TransformingSequentialList$1
Event: 12.633 loading class com/google/common/collect/Lists$TransformingSequentialList$1 done
Event: 12.633 loading class com/google/common/collect/TransformedListIterator
Event: 12.633 loading class com/google/common/collect/TransformedListIterator done
Event: 12.634 loading class com/google/common/collect/TransformedIterator
Event: 12.634 loading class com/google/common/collect/TransformedIterator done
Event: 12.919 Executing VM operation: G1CollectForAllocation


Dynamic libraries:
0x00007ff790570000 - 0x00007ff79057a000 	C:\Program Files\Android\Android Studio\jre\bin\java.exe
0x00007fff32e20000 - 0x00007fff33029000 	C:\WINDOWS\SYSTEM32\ntdll.dll
0x00007fff32300000 - 0x00007fff323bd000 	C:\WINDOWS\System32\KERNEL32.DLL
0x00007fff30940000 - 0x00007fff30cb4000 	C:\WINDOWS\System32\KERNELBASE.dll
0x00007fff303b0000 - 0x00007fff304c1000 	C:\WINDOWS\System32\ucrtbase.dll
0x00007fff19320000 - 0x00007fff19339000 	C:\Program Files\Android\Android Studio\jre\bin\jli.dll
0x00007fff18f70000 - 0x00007fff18f87000 	C:\Program Files\Android\Android Studio\jre\bin\VCRUNTIME140.dll
0x00007fff31e30000 - 0x00007fff31fdc000 	C:\WINDOWS\System32\USER32.dll
0x00007fff30890000 - 0x00007fff308b6000 	C:\WINDOWS\System32\win32u.dll
0x00007fff328c0000 - 0x00007fff328e9000 	C:\WINDOWS\System32\GDI32.dll
0x00007fff30590000 - 0x00007fff306a2000 	C:\WINDOWS\System32\gdi32full.dll
0x00007fff30310000 - 0x00007fff303ad000 	C:\WINDOWS\System32\msvcp_win.dll
0x00007fff12210000 - 0x00007fff124b5000 	C:\WINDOWS\WinSxS\amd64_microsoft.windows.common-controls_6595b64144ccf1df_6.0.22000.120_none_9d947278b86cc467\COMCTL32.dll
0x00007fff31c90000 - 0x00007fff31d33000 	C:\WINDOWS\System32\msvcrt.dll
0x00007fff31c30000 - 0x00007fff31c61000 	C:\WINDOWS\System32\IMM32.DLL
0x00007ffef3e20000 - 0x00007ffef3ebd000 	C:\Program Files\Android\Android Studio\jre\bin\msvcp140.dll
0x00007ffede950000 - 0x00007ffedf425000 	C:\Program Files\Android\Android Studio\jre\bin\server\jvm.dll
0x00007fff32250000 - 0x00007fff322fe000 	C:\WINDOWS\System32\ADVAPI32.dll
0x00007fff323c0000 - 0x00007fff3245e000 	C:\WINDOWS\System32\sechost.dll
0x00007fff315d0000 - 0x00007fff316f0000 	C:\WINDOWS\System32\RPCRT4.dll
0x00007fff316f0000 - 0x00007fff316f8000 	C:\WINDOWS\System32\PSAPI.DLL
0x00007fff2ca10000 - 0x00007fff2ca19000 	C:\WINDOWS\SYSTEM32\WSOCK32.dll
0x00007fff32900000 - 0x00007fff3296f000 	C:\WINDOWS\System32\WS2_32.dll
0x00007fff27f40000 - 0x00007fff27f4a000 	C:\WINDOWS\SYSTEM32\VERSION.dll
0x00007fff29250000 - 0x00007fff29283000 	C:\WINDOWS\SYSTEM32\WINMM.dll
0x00007fff2f500000 - 0x00007fff2f518000 	C:\WINDOWS\SYSTEM32\kernel.appcore.dll
0x00007fff2ae10000 - 0x00007fff2ae21000 	C:\Program Files\Android\Android Studio\jre\bin\verify.dll
0x00007fff2de20000 - 0x00007fff2e041000 	C:\WINDOWS\SYSTEM32\DBGHELP.DLL
0x00007fff15aa0000 - 0x00007fff15ad1000 	C:\WINDOWS\SYSTEM32\dbgcore.DLL
0x00007fff308c0000 - 0x00007fff3093f000 	C:\WINDOWS\System32\bcryptPrimitives.dll
0x00007fff1efe0000 - 0x00007fff1f009000 	C:\Program Files\Android\Android Studio\jre\bin\java.dll
0x00007fff2c9a0000 - 0x00007fff2c9ab000 	C:\Program Files\Android\Android Studio\jre\bin\jimage.dll
0x00007fff29460000 - 0x00007fff29478000 	C:\Program Files\Android\Android Studio\jre\bin\zip.dll
0x00007fff30dc0000 - 0x00007fff3156e000 	C:\WINDOWS\System32\SHELL32.dll
0x00007fff2e450000 - 0x00007fff2ecb8000 	C:\WINDOWS\SYSTEM32\windows.storage.dll
0x00007fff32540000 - 0x00007fff328b8000 	C:\WINDOWS\System32\combase.dll
0x00007fff2e2e0000 - 0x00007fff2e446000 	C:\WINDOWS\SYSTEM32\wintypes.dll
0x00007fff32cf0000 - 0x00007fff32dda000 	C:\WINDOWS\System32\SHCORE.dll
0x00007fff31760000 - 0x00007fff317bd000 	C:\WINDOWS\System32\shlwapi.dll
0x00007fff30240000 - 0x00007fff30261000 	C:\WINDOWS\SYSTEM32\profapi.dll
0x00007fff1f0c0000 - 0x00007fff1f0da000 	C:\Program Files\Android\Android Studio\jre\bin\net.dll
0x00007fff28010000 - 0x00007fff2811c000 	C:\WINDOWS\SYSTEM32\WINHTTP.dll
0x00007fff2f930000 - 0x00007fff2f997000 	C:\WINDOWS\system32\mswsock.dll
0x00007fff1e8f0000 - 0x00007fff1e904000 	C:\Program Files\Android\Android Studio\jre\bin\nio.dll
0x00007fff18f90000 - 0x00007fff18fb7000 	C:\Users\DELL\.gradle\native\e1d6ef7f7dcc3fd88c89a11ec53ec762bb8ba0a96d01ffa2cd45eb1d1d8dd5c5\windows-amd64\native-platform.dll
0x00007ffef3920000 - 0x00007ffef3a64000 	C:\Users\DELL\.gradle\native\5664cfc778a61ccfe75a443a1ab52a65af34e5dc3c78e0209fed803814484fcb\windows-amd64\native-platform-file-events.dll
0x00007fff2b5b0000 - 0x00007fff2b5ba000 	C:\Program Files\Android\Android Studio\jre\bin\management.dll
0x00007fff204f0000 - 0x00007fff204fd000 	C:\Program Files\Android\Android Studio\jre\bin\management_ext.dll
0x00007fff2fb70000 - 0x00007fff2fb88000 	C:\WINDOWS\SYSTEM32\CRYPTSP.dll
0x00007fff2f460000 - 0x00007fff2f495000 	C:\WINDOWS\system32\rsaenh.dll
0x00007fff2fa20000 - 0x00007fff2fa49000 	C:\WINDOWS\SYSTEM32\USERENV.dll
0x00007fff2fcf0000 - 0x00007fff2fd17000 	C:\WINDOWS\SYSTEM32\bcrypt.dll
0x00007fff2fb90000 - 0x00007fff2fb9c000 	C:\WINDOWS\SYSTEM32\CRYPTBASE.dll
0x00007fff2eff0000 - 0x00007fff2f01d000 	C:\WINDOWS\SYSTEM32\IPHLPAPI.DLL
0x00007fff30db0000 - 0x00007fff30db9000 	C:\WINDOWS\System32\NSI.dll
0x00007fff27eb0000 - 0x00007fff27ec9000 	C:\WINDOWS\SYSTEM32\dhcpcsvc6.DLL
0x00007fff28860000 - 0x00007fff2887e000 	C:\WINDOWS\SYSTEM32\dhcpcsvc.DLL
0x00007fff2f060000 - 0x00007fff2f147000 	C:\WINDOWS\SYSTEM32\DNSAPI.dll

dbghelp: loaded successfully - version: 4.0.5 - missing functions: none
symbol engine: initialized successfully - sym options: 0x614 - pdb path: .;C:\Program Files\Android\Android Studio\jre\bin;C:\WINDOWS\SYSTEM32;C:\WINDOWS\WinSxS\amd64_microsoft.windows.common-controls_6595b64144ccf1df_6.0.22000.120_none_9d947278b86cc467;C:\Program Files\Android\Android Studio\jre\bin\server;C:\Users\DELL\.gradle\native\e1d6ef7f7dcc3fd88c89a11ec53ec762bb8ba0a96d01ffa2cd45eb1d1d8dd5c5\windows-amd64;C:\Users\DELL\.gradle\native\5664cfc778a61ccfe75a443a1ab52a65af34e5dc3c78e0209fed803814484fcb\windows-amd64

VM Arguments:
jvm_args: --add-opens=java.base/java.util=ALL-UNNAMED --add-opens=java.base/java.lang=ALL-UNNAMED --add-opens=java.base/java.lang.invoke=ALL-UNNAMED --add-opens=java.base/java.util=ALL-UNNAMED --add-opens=java.prefs/java.util.prefs=ALL-UNNAMED --add-opens=java.prefs/java.util.prefs=ALL-UNNAMED --add-opens=java.base/java.nio.charset=ALL-UNNAMED --add-opens=java.base/java.net=ALL-UNNAMED --add-opens=java.base/java.util.concurrent.atomic=ALL-UNNAMED -Xmx2048m -Dfile.encoding=UTF-8 -Duser.country=US -Duser.language=en -Duser.variant 
java_command: org.gradle.launcher.daemon.bootstrap.GradleDaemon 7.2
java_class_path (initial): C:\Users\DELL\.gradle\wrapper\dists\gradle-7.2-bin\2dnblmf4td7x66yl1d74lt32g\gradle-7.2\lib\gradle-launcher-7.2.jar
Launcher Type: SUN_STANDARD

[Global flags]
     intx CICompilerCount                          = 4                                         {product} {ergonomic}
     uint ConcGCThreads                            = 2                                         {product} {ergonomic}
     uint G1ConcRefinementThreads                  = 8                                         {product} {ergonomic}
   size_t G1HeapRegionSize                         = 1048576                                   {product} {ergonomic}
    uintx GCDrainStackTargetSize                   = 64                                        {product} {ergonomic}
   size_t InitialHeapSize                          = 132120576                                 {product} {ergonomic}
   size_t MarkStackSize                            = 4194304                                   {product} {ergonomic}
   size_t MaxHeapSize                              = 2147483648                                {product} {command line}
   size_t MaxNewSize                               = 1287651328                                {product} {ergonomic}
   size_t MinHeapDeltaBytes                        = 1048576                                   {product} {ergonomic}
    uintx NonNMethodCodeHeapSize                   = 5836300                                {pd product} {ergonomic}
    uintx NonProfiledCodeHeapSize                  = 122910970                              {pd product} {ergonomic}
    uintx ProfiledCodeHeapSize                     = 122910970                              {pd product} {ergonomic}
    uintx ReservedCodeCacheSize                    = 251658240                              {pd product} {ergonomic}
     bool SegmentedCodeCache                       = true                                      {product} {ergonomic}
     bool UseCompressedClassPointers               = true                                 {lp64_product} {ergonomic}
     bool UseCompressedOops                        = true                                 {lp64_product} {ergonomic}
     bool UseG1GC                                  = true                                      {product} {ergonomic}
     bool UseLargePagesIndividualAllocation        = false                                  {pd product} {ergonomic}

Logging:
Log output configuration:
 #0: stdout all=warning uptime,level,tags
 #1: stderr all=off uptime,level,tags

Environment Variables:
PATH=C:\Program Files\Common Files\Oracle\Java\javapath;C:\Program Files (x86)\Common Files\Oracle\Java\javapath;C:\Windows\system32;C:\Windows;C:\Windows\System32\Wbem;C:\Windows\System32\WindowsPowerShell\v1.0\;C:\Windows\System32\OpenSSH\;C:\Program Files\NVIDIA Corporation\NVIDIA NvDLISR;C:\Program Files (x86)\NVIDIA Corporation\PhysX\Common;C:\Program Files\Git\cmd;C:\WINDOWS\system32;C:\WINDOWS;C:\WINDOWS\System32\Wbem;C:\WINDOWS\System32\WindowsPowerShell\v1.0\;C:\WINDOWS\System32\OpenSSH\;C:\Program Files\dotnet\;C:\Users\DELL\AppData\Local\Microsoft\WindowsApps;C:\Users\DELL\AppData\Local\Programs\Microsoft VS Code\bin;C:\src\flutter\bin;C:\Program Files\CodeBlocks\MinGW\bin;C:\Program Files\Android\Android Studio\jre\bin;C:\src\jdk-17.0.1\bin;
USERNAME=DELL
OS=Windows_NT
PROCESSOR_IDENTIFIER=Intel64 Family 6 Model 126 Stepping 5, GenuineIntel



---------------  S Y S T E M  ---------------

OS: Windows 10 , 64 bit Build 22000 (10.0.22000.434)
OS uptime: 17 days 10:52 hours

CPU:total 8 (initial active 8) (4 cores per cpu, 2 threads per core) family 6 model 126 stepping 5 microcode 0xa6, cmov, cx8, fxsr, mmx, sse, sse2, sse3, ssse3, sse4.1, sse4.2, popcnt, avx, avx2, aes, clmul, erms, 3dnowpref, lzcnt, ht, tsc, tscinvbit, bmi1, bmi2, adx, evex, sha, fma

Memory: 4k page, system-wide physical 7959M (182M free)
TotalPageFile size 16151M (AvailPageFile size 28M)
current process WorkingSet (physical memory assigned to process): 292M, peak: 295M
current process commit charge ("private bytes"): 328M, peak: 357M

vm_info: OpenJDK 64-Bit Server VM (11.0.11+9-b60-7590822) for windows-amd64 JRE (11.0.11+9-b60-7590822), built on Jul 29 2021 21:43:44 by "builder" with MS VC++ 14.0 (VS2015)

END.
